[GIN-debug] POST   /api/register             --> blog-api/internal/router.SetupRouter.Register.func2 (6 handlers)
[GIN-debug] POST   /api/login                --> blog-api/internal/router.SetupRouter.Login.func3 (6 handlers)
[GIN-debug] GET    /api/posts                --> blog-api/internal/router.SetupRouter.ListPosts.func4 (6 handlers)
[GIN-debug] GET    /api/posts/:id            --> blog-api/internal/router.SetupRouter.GetPost.func5 (6 handlers)
[GIN-debug] GET    /api/posts/:post_id/comments --> blog-api/internal/router.SetupRouter.ListCommentsByPostID.func6 (6 handlers)
[GIN-debug] POST   /api/register             --> blog-api/internal/router.SetupRouter.Register.func2 (6 handlers)
[GIN-debug] POST   /api/login                --> blog-api/internal/router.SetupRouter.Login.func3 (6 handlers)
[GIN-debug] GET    /api/posts                --> blog-api/internal/router.SetupRouter.ListPosts.func4 (6 handlers)
[GIN-debug] GET    /api/posts/:id            --> blog-api/internal/router.SetupRouter.GetPost.func5 (6 handlers)
[GIN-debug] GET    /api/posts/:id/comments   --> blog-api/internal/router.SetupRouter.ListCommentsByPostID.func6 (6 handlers)
[GIN-debug] POST   /api/posts                --> blog-api/internal/router.SetupRouter.CreatePost.func8 (7 handlers)
[GIN-debug] PUT    /api/posts/:id            --> blog-api/internal/router.SetupRouter.UpdatePost.func9 (7 handlers)
[GIN-debug] DELETE /api/posts/:id            --> blog-api/internal/router.SetupRouter.DeletePost.func10 (7 handlers)
[GIN-debug] POST   /api/comments             --> blog-api/internal/router.SetupRouter.CreateComment.func11 (7 handlers)
[GIN-debug] DELETE /api/comments/:id         --> blog-api/internal/router.SetupRouter.DeleteComment.func12 (7 handlers)
[GIN-debug] [WARNING] You trusted all proxies, this is NOT safe. We recommend you to set a value.
Please check https://github.com/gin-gonic/gin/blob/master/docs/doc.md#dont-trust-all-proxies for details.
[GIN-debug] Listening and serving HTTP on :8080
2026-03-28 21:27:22 | GET | /api/register | 127.0.0.1 | 404 | 90ns
2026-03-28 21:27:23 | GET | /favicon.ico | 127.0.0.1 | 404 | 100ns
[GIN-debug] POST   /api/register             --> blog-api/internal/router.SetupRouter.Register.func2 (6 handlers)
[GIN-debug] POST   /api/login                --> blog-api/internal/router.SetupRouter.Login.func3 (6 handlers)
[GIN-debug] GET    /api/posts                --> blog-api/internal/router.SetupRouter.ListPosts.func4 (6 handlers)
[GIN-debug] GET    /api/posts/:id            --> blog-api/internal/router.SetupRouter.GetPost.func5 (6 handlers)
[GIN-debug] GET    /api/posts/:id/comments   --> blog-api/internal/router.SetupRouter.ListCommentsByPostID.func6 (6 handlers)
[GIN-debug] POST   /api/posts                --> blog-api/internal/router.SetupRouter.CreatePost.func8 (7 handlers)
[GIN-debug] PUT    /api/posts/:id            --> blog-api/internal/router.SetupRouter.UpdatePost.func9 (7 handlers)
[GIN-debug] DELETE /api/posts/:id            --> blog-api/internal/router.SetupRouter.DeletePost.func10 (7 handlers)
[GIN-debug] POST   /api/comments             --> blog-api/internal/router.SetupRouter.CreateComment.func11 (7 handlers)
[GIN-debug] DELETE /api/comments/:id         --> blog-api/internal/router.SetupRouter.DeleteComment.func12 (7 handlers)
[GIN-debug] [WARNING] You trusted all proxies, this is NOT safe. We recommend you to set a value.
Please check https://github.com/gin-gonic/gin/blob/master/docs/doc.md#dont-trust-all-proxies for details.
[GIN-debug] Listening and serving HTTP on :8080
